<?xml version="1.0" encoding="UTF-8"?>
<!-- Generated by org.testng.reporters.JUnitReportReporter -->
<testsuite skipped="0" hostname="DELL-PC" name="p1.ExecuteTest" tests="1" failures="0" timestamp="12 Nov 2018 07:19:42 GMT" time="18.903" errors="0">
  <testcase name="Test_01" time="18.903" classname="p1.ExecuteTest"/>
</testsuite> <!-- p1.ExecuteTest -->
